<?xml version="1.0" encoding="UTF-8"?>
<testsuite name="blogPostTest.DeleteBlogPost" tests="1" skipped="0" failures="0" errors="0" timestamp="2023-01-12T07:17:34" hostname="Rupjits-MacBook-Pro.local" time="2.332">
  <properties/>
  <testcase name="shouldDeletePostById" classname="blogPostTest.DeleteBlogPost" time="2.332"/>
  <system-out><![CDATA[HTTP/1.1 200 OK
Connection: keep-alive
Content-Length: 359
Access-Control-Allow-Origin: *
Cache-Control: private
Content-Type: application/json; charset=utf-8
Etag: W/"167-K+lx//xPzzx0SOHLwW7Mg7fYoWw"
Function-Execution-Id: lz9aw3o331fm
Server: Google Frontend
Strict-Transport-Security: max-age=31556926
X-Cloud-Trace-Context: 8f26e1b14920507d10be300d0f68bcbd;o=1
X-Country-Code: IN
Accept-Ranges: bytes
Date: Thu, 12 Jan 2023 07:17:36 GMT
X-Served-By: cache-maa10227-MAA
X-Cache: MISS
X-Cache-Hits: 0
X-Timer: S1673507856.794826,VS0,VE362
Vary: cookie,need-authorization, x-fh-requested-host, accept-encoding
alt-svc: h3=":443";ma=86400,h3-29=":443";ma=86400,h3-27=":443";ma=86400

{
    "id": "63bfb40f54edce42f1d3dff9",
    "image": "https: //t4.ftcdn.net/jpg/03/03/62/45/240_F_303624505_u0bFT1Rnoj8CMUSs8wMCwoKlnWlh5Jiq.jpg",
    "likes": 0,
    "link": "",
    "tags": [
        "#new"
    ],
    "text": "this is new post",
    "publishDate": "2023-01-12T07:17:36.025Z",
    "updatedDate": "2023-01-12T07:17:36.025Z",
    "owner": {
        "id": "63be48b5d1eb2dba0c55e2b2",
        "firstName": "Rupjit",
        "lastName": "bose"
    }
}
{
    "id": "63bfb40f54edce42f1d3dff9"
}
]]></system-out>
  <system-err><![CDATA[]]></system-err>
</testsuite>
